<?xml version="1.0" encoding="UTF-8"?>
<testsuite xmlns:xsi="http://www.w3.org/2001/XMLSchema-instance" xsi:noNamespaceSchemaLocation="https://maven.apache.org/surefire/maven-failsafe-plugin/xsd/failsafe-test-report.xsd" name="uk.nhs.careconnect.ri.term.TerminologyLoaderTestIT" time="0.639" tests="4" errors="0" skipped="1" failures="0">
  <properties>
[...]
</properties>
  <testcase name="testLoadSnomedCtBadInput" classname="uk.nhs.careconnect.ri.term.TerminologyLoaderTestIT" time="0.08"/>
  <testcase name="testLoadSnomedCt" classname="uk.nhs.careconnect.ri.term.TerminologyLoaderTestIT" time="0.108"/>
  <testcase name="testLoadSnomedCtAgainstRealFile" classname="uk.nhs.careconnect.ri.term.TerminologyLoaderTestIT" time="0">
    <skipped/>
  </testcase>
  <testcase name="testLoadLoinc" classname="uk.nhs.careconnect.ri.term.TerminologyLoaderTestIT" time="0.019"/>
</testsuite>