<?xml version="1.0" encoding="UTF-8"?>
<testsuite xmlns:xsi="http://www.w3.org/2001/XMLSchema-instance" xsi:noNamespaceSchemaLocation="https://maven.apache.org/surefire/maven-failsafe-plugin/xsd/failsafe-test-report.xsd" name="uk.nhs.careconnect.ri.jpatest.JPATestIT" time="34.98" tests="286" errors="0" skipped="0" failures="0">
  <properties>
[...]
</properties>
  <testcase name="Given I have one AllergyIntolerance resource loaded" classname="Scenario: AllergyIntolerance Patient" time="0"/>
  <testcase name="When I search AllergyIntolerance on Patient ID = 1" classname="Scenario: AllergyIntolerance Patient" time="0"/>
  <testcase name="Then I should get a Bundle of AllergyIntolerance 2 resource" classname="Scenario: AllergyIntolerance Patient" time="0"/>
  <testcase name="Scenario: AllergyIntolerance Patient" classname="Scenario: AllergyIntolerance Patient" time="0.001"/>
  <testcase name="Given I have one AllergyIntolerance resource loaded" classname="Scenario: AllergyIntolerance Patient Conditional" time="0"/>
  <testcase name="When I update this AllergyIntolerance" classname="Scenario: AllergyIntolerance Patient Conditional" time="0"/>
  <testcase name="Then I search AllergyIntolerance on Patient ID = 1" classname="Scenario: AllergyIntolerance Patient Conditional" time="0"/>
  <testcase name="Then I should get a Bundle of AllergyIntolerance 1 resource" classname="Scenario: AllergyIntolerance Patient Conditional" time="0"/>
  <testcase name="Scenario: AllergyIntolerance Patient Conditional" classname="Scenario: AllergyIntolerance Patient Conditional" time="0"/>
  <testcase name="Given I have one CarePlan resource loaded" classname="Scenario: CarePlan Patient" time="0"/>
  <testcase name="When I search CarePlan on Patient ID = 1" classname="Scenario: CarePlan Patient" time="0"/>
  <testcase name="Then I should get a Bundle of CarePlan 1 resource" classname="Scenario: CarePlan Patient" time="0"/>
  <testcase name="Scenario: CarePlan Patient" classname="Scenario: CarePlan Patient" time="0"/>
  <testcase name="Given I add a dummy codesystem" classname="Scenario: CodeSystem" time="0.001"/>
  <testcase name="Then the CodeSystem should save" classname="Scenario: CodeSystem" time="0"/>
  <testcase name="Scenario: CodeSystem" classname="Scenario: CodeSystem" time="0"/>
  <testcase name="Given I have one Condition resource loaded" classname="Scenario: Condition Patient" time="0"/>
  <testcase name="When I search Condition on Patient ID = 1" classname="Scenario: Condition Patient" time="0"/>
  <testcase name="Then I should get a Bundle of Condition 2 resource" classname="Scenario: Condition Patient" time="0"/>
  <testcase name="And the results should be a list of CareConnect Conditions" classname="Scenario: Condition Patient" time="0"/>
  <testcase name="Scenario: Condition Patient" classname="Scenario: Condition Patient" time="0.001"/>
  <testcase name="Given I have one Condition resource loaded" classname="Scenario: Condition Patient Conditional" time="0"/>
  <testcase name="When I update this Condition" classname="Scenario: Condition Patient Conditional" time="0"/>
  <testcase name="Then I search Condition on Patient ID = 1" classname="Scenario: Condition Patient Conditional" time="0"/>
  <testcase name="Then I should get a Bundle of Condition 1 resource" classname="Scenario: Condition Patient Conditional" time="0"/>
  <testcase name="And the results should be a list of CareConnect Conditions" classname="Scenario: Condition Patient Conditional" time="0"/>
  <testcase name="Scenario: Condition Patient Conditional" classname="Scenario: Condition Patient Conditional" time="0"/>
  <testcase name="Given I have one DocumentReference resource loaded" classname="Scenario: DocumentReference Patient" time="0"/>
  <testcase name="When I get DocumentReference ID = 1" classname="Scenario: DocumentReference Patient" time="0"/>
  <testcase name="Then I should get a DocumentReference resource" classname="Scenario: DocumentReference Patient" time="0"/>
  <testcase name="Scenario: DocumentReference Patient" classname="Scenario: DocumentReference Patient" time="0.001"/>
  <testcase name="Given I have one Encounter resource loaded" classname="Scenario: Encounter Patient" time="0"/>
  <testcase name="When I search Encounter on Patient ID = 1" classname="Scenario: Encounter Patient" time="0"/>
  <testcase name="Then I should get a Bundle of Encounter 1 resource" classname="Scenario: Encounter Patient" time="0"/>
  <testcase name="Scenario: Encounter Patient" classname="Scenario: Encounter Patient" time="0"/>
  <testcase name="Given I have one Encounter resource loaded" classname="Scenario: Encounter Patient Conditional" time="0"/>
  <testcase name="When I update this Encounter" classname="Scenario: Encounter Patient Conditional" time="0"/>
  <testcase name="Then I search Encounter on Patient ID = 1" classname="Scenario: Encounter Patient Conditional" time="0"/>
  <testcase name="Then I should get a Bundle of Encounter 0 resource" classname="Scenario: Encounter Patient Conditional" time="0"/>
  <testcase name="Scenario: Encounter Patient Conditional" classname="Scenario: Encounter Patient Conditional" time="0"/>
  <testcase name="Given I have one Immunisation resource loaded" classname="Scenario: Immunisation Patient" time="0"/>
  <testcase name="When I search Immunisation on Patient ID = 2" classname="Scenario: Immunisation Patient" time="0"/>
  <testcase name="Then I should get a Bundle of Immunisation 1 resource" classname="Scenario: Immunisation Patient" time="0"/>
  <testcase name="And the results should be a list of CareConnect Immunizations" classname="Scenario: Immunisation Patient" time="0"/>
  <testcase name="Scenario: Immunisation Patient" classname="Scenario: Immunisation Patient" time="0"/>
  <testcase name="Given I have one Immunisation resource loaded" classname="Scenario: Immunisation Patient Conditional" time="0"/>
  <testcase name="When I update this Immunisation" classname="Scenario: Immunisation Patient Conditional" time="0"/>
  <testcase name="Then I search Immunisation on Patient ID = 2" classname="Scenario: Immunisation Patient Conditional" time="0"/>
  <testcase name="Then I should get a Bundle of Immunisation 0 resource" classname="Scenario: Immunisation Patient Conditional" time="0"/>
  <testcase name="Then I search Immunisation on Patient ID = 3" classname="Scenario: Immunisation Patient Conditional" time="0.001"/>
  <testcase name="Then I should get a Bundle of Immunisation 1 resource" classname="Scenario: Immunisation Patient Conditional" time="0"/>
  <testcase name="And the results should be a list of CareConnect Immunizations" classname="Scenario: Immunisation Patient Conditional" time="0"/>
  <testcase name="Scenario: Immunisation Patient Conditional" classname="Scenario: Immunisation Patient Conditional" time="0"/>
  <testcase name="Given I have one List resource loaded" classname="Scenario: List Patient" time="0"/>
  <testcase name="When I search List on Patient ID = 1" classname="Scenario: List Patient" time="0"/>
  <testcase name="Then I should get a Bundle of List 1 resource" classname="Scenario: List Patient" time="0"/>
  <testcase name="Scenario: List Patient" classname="Scenario: List Patient" time="0"/>
  <testcase name="Given I search for Locations by SDSCode RTG08" classname="Scenario: Location Search by SDS Code" time="0"/>
  <testcase name="Then the result should be a Location list with 1 entry" classname="Scenario: Location Search by SDS Code" time="0"/>
  <testcase name="And they shall all be FHIR Location resources" classname="Scenario: Location Search by SDS Code" time="0"/>
  <testcase name="And the results should be a list of CareConnect Locations" classname="Scenario: Location Search by SDS Code" time="0"/>
  <testcase name="Scenario: Location Search by SDS Code" classname="Scenario: Location Search by SDS Code" time="0"/>
  <testcase name="Scenario: Location Search by SDS Code" classname="Scenario: Location Search by SDS Code" time="0"/>
  <testcase name="Given I search for Locations by SDSCode 12RTG081010" classname="Scenario: Location Search by SDS Code" time="0"/>
  <testcase name="Then the result should be a Location list with 0 entry" classname="Scenario: Location Search by SDS Code" time="0"/>
  <testcase name="Given I search for Locations by name Long" classname="Scenario: Location Search by Name" time="0"/>
  <testcase name="Then the result should be a Location list with 1 entry" classname="Scenario: Location Search by Name" time="0"/>
  <testcase name="And they shall all be FHIR Location resources" classname="Scenario: Location Search by Name" time="0"/>
  <testcase name="And the results should be a list of CareConnect Locations" classname="Scenario: Location Search by Name" time="0"/>
  <testcase name="Scenario: Location Search by Name" classname="Scenario: Location Search by Name" time="0"/>
  <testcase name="Scenario: Location Search by Name" classname="Scenario: Location Search by Name" time="0"/>
  <testcase name="Given I search for Locations by name LONG" classname="Scenario: Location Search by Name Mixed case" time="0"/>
  <testcase name="Then the result should be a Location list with 1 entry" classname="Scenario: Location Search by Name Mixed case" time="0"/>
  <testcase name="And they shall all be FHIR Location resources" classname="Scenario: Location Search by Name Mixed case" time="0"/>
  <testcase name="And the results should be a list of CareConnect Locations" classname="Scenario: Location Search by Name Mixed case" time="0"/>
  <testcase name="Scenario: Location Search by Name Mixed case" classname="Scenario: Location Search by Name Mixed case" time="0.001"/>
  <testcase name="Given I search for Locations by name xanadu" classname="Scenario: Location Search by Name" time="0"/>
  <testcase name="Then the result should be a Location list with 0 entry" classname="Scenario: Location Search by Name" time="0"/>
  <testcase name="Given Location resource file" classname="Scenario: Location Load" time="0"/>
  <testcase name="Then save the location" classname="Scenario: Location Load" time="0"/>
  <testcase name="Scenario: Location Load" classname="Scenario: Location Load" time="0"/>
  <testcase name="Given I have one MedicationRequest resource loaded" classname="Scenario: MedicationRequest Patient" time="0"/>
  <testcase name="When I search MedicationRequest on Patient ID = 2" classname="Scenario: MedicationRequest Patient" time="0"/>
  <testcase name="Then I should get a Bundle of MedicationRequest 1 resource" classname="Scenario: MedicationRequest Patient" time="0"/>
  <testcase name="And the results should be a list of CareConnect MedicationRequests" classname="Scenario: MedicationRequest Patient" time="0"/>
  <testcase name="Scenario: MedicationRequest Patient" classname="Scenario: MedicationRequest Patient" time="0"/>
  <testcase name="Given I have one MedicationRequest resource loaded" classname="Scenario: MedicationRequest Patient Conditional" time="0"/>
  <testcase name="When I update this MedicationRequest" classname="Scenario: MedicationRequest Patient Conditional" time="0"/>
  <testcase name="Then I search MedicationRequest on Patient ID = 2" classname="Scenario: MedicationRequest Patient Conditional" time="0.001"/>
  <testcase name="Then I should get a Bundle of MedicationRequest 0 resource" classname="Scenario: MedicationRequest Patient Conditional" time="0"/>
  <testcase name="Then I search MedicationRequest on Patient ID = 3" classname="Scenario: MedicationRequest Patient Conditional" time="0"/>
  <testcase name="Then I should get a Bundle of MedicationRequest 1 resource" classname="Scenario: MedicationRequest Patient Conditional" time="0"/>
  <testcase name="And the results should be a list of CareConnect MedicationRequests" classname="Scenario: MedicationRequest Patient Conditional" time="0"/>
  <testcase name="Scenario: MedicationRequest Patient Conditional" classname="Scenario: MedicationRequest Patient Conditional" time="0.001"/>
  <testcase name="Given I have one MedicationStatement resource loaded" classname="Scenario: MedicationStatement Patient" time="0"/>
  <testcase name="When I get MedicationStatement ID = 1" classname="Scenario: MedicationStatement Patient" time="0"/>
  <testcase name="Then I should get a MedicationStatement resource" classname="Scenario: MedicationStatement Patient" time="0"/>
  <testcase name="Scenario: MedicationStatement Patient" classname="Scenario: MedicationStatement Patient" time="0"/>
  <testcase name="Given I have two sample resources loaded" classname="Scenario: Observation Search Patient" time="0"/>
  <testcase name="When I search on Patient ID = 1" classname="Scenario: Observation Search Patient" time="0"/>
  <testcase name="Then I should get a Bundle of Observations with more then 2 resources" classname="Scenario: Observation Search Patient" time="0"/>
  <testcase name="Scenario: Observation Search Patient" classname="Scenario: Observation Search Patient" time="0"/>
  <testcase name="Given Observation resource file" classname="Scenario: Observation Post" time="0"/>
  <testcase name="Then save the Observation" classname="Scenario: Observation Post" time="0.001"/>
  <testcase name="Scenario: Observation Post" classname="Scenario: Observation Post" time="0.001"/>
  <testcase name="Given I have two sample resources loaded" classname="Scenario: Observation Search Smoking Status Category" time="0"/>
  <testcase name="When I search Observations on SNOMED category 228272008" classname="Scenario: Observation Search Smoking Status Category" time="0"/>
  <testcase name="Then I should get a Bundle of Observations with 1 resource" classname="Scenario: Observation Search Smoking Status Category" time="0"/>
  <testcase name="Scenario: Observation Search Smoking Status Category" classname="Scenario: Observation Search Smoking Status Category" time="0"/>
  <testcase name="Given I have two sample resources loaded" classname="Scenario: Observation Search BMI Code" time="0"/>
  <testcase name="When I search Observations on SNOMED code 301331008" classname="Scenario: Observation Search BMI Code" time="0"/>
  <testcase name="Then I should get a Bundle of Observations with 1 resource" classname="Scenario: Observation Search BMI Code" time="0"/>
  <testcase name="Scenario: Observation Search BMI Code" classname="Scenario: Observation Search BMI Code" time="0"/>
  <testcase name="Given I have two sample resources loaded" classname="Scenario: Observation Search date less than" time="0"/>
  <testcase name="When I search on dates less than 1999-08-02" classname="Scenario: Observation Search date less than" time="0"/>
  <testcase name="Then I should get a Bundle of Observations with 1 resource" classname="Scenario: Observation Search date less than" time="0"/>
  <testcase name="Scenario: Observation Search date less than" classname="Scenario: Observation Search date less than" time="0"/>
  <testcase name="Given I have two sample resources loaded" classname="Scenario: Observation Search date equal yyyymmdd" time="0.001"/>
  <testcase name="When I search on dates equal to 1999-08-03" classname="Scenario: Observation Search date equal yyyymmdd" time="0"/>
  <testcase name="Then I should get a Bundle of Observations with 1 resource" classname="Scenario: Observation Search date equal yyyymmdd" time="0"/>
  <testcase name="Scenario: Observation Search date equal yyyymmdd" classname="Scenario: Observation Search date equal yyyymmdd" time="0"/>
  <testcase name="Given I have two sample resources loaded" classname="Scenario: Observation Search date equal yyyymm" time="0"/>
  <testcase name="When I search on dates equal to 1999-08" classname="Scenario: Observation Search date equal yyyymm" time="0"/>
  <testcase name="Then I should get a Bundle of Observations with 1 resource" classname="Scenario: Observation Search date equal yyyymm" time="0"/>
  <testcase name="Scenario: Observation Search date equal yyyymm" classname="Scenario: Observation Search date equal yyyymm" time="0"/>
  <testcase name="Given I have two sample resources loaded" classname="Scenario: Observation Search date equal yyyy" time="0"/>
  <testcase name="When I search on dates equal to 1999" classname="Scenario: Observation Search date equal yyyy" time="0"/>
  <testcase name="Then I should get a Bundle of Observations with 2 resource" classname="Scenario: Observation Search date equal yyyy" time="0"/>
  <testcase name="Scenario: Observation Search date equal yyyy" classname="Scenario: Observation Search date equal yyyy" time="0"/>
  <testcase name="Given I search for Organisations by SDSCode C81010" classname="Scenario: Organisation Search by SDS Code" time="0"/>
  <testcase name="Then the result should be a organisation list with 1 entry" classname="Scenario: Organisation Search by SDS Code" time="0"/>
  <testcase name="And they shall all be FHIR Organization resources" classname="Scenario: Organisation Search by SDS Code" time="0"/>
  <testcase name="And the results should be a list of CareConnect Organisations" classname="Scenario: Organisation Search by SDS Code" time="0"/>
  <testcase name="Scenario: Organisation Search by SDS Code" classname="Scenario: Organisation Search by SDS Code" time="0"/>
  <testcase name="Scenario: Organisation Search by SDS Code" classname="Scenario: Organisation Search by SDS Code" time="0.001"/>
  <testcase name="Given I search for Organisations by SDSCode 12345681010" classname="Scenario: Organisation Search by SDS Code" time="0"/>
  <testcase name="Then the result should be a organisation list with 0 entry" classname="Scenario: Organisation Search by SDS Code" time="0.001"/>
  <testcase name="Given I search for Organisations by name the" classname="Scenario: Organisation Search by Name" time="0"/>
  <testcase name="Then the result should be a organisation list with 1 entry" classname="Scenario: Organisation Search by Name" time="0"/>
  <testcase name="And they shall all be FHIR Organization resources" classname="Scenario: Organisation Search by Name" time="0"/>
  <testcase name="And the results should be a list of CareConnect Organisations" classname="Scenario: Organisation Search by Name" time="0"/>
  <testcase name="Scenario: Organisation Search by Name" classname="Scenario: Organisation Search by Name" time="0"/>
  <testcase name="Scenario: Organisation Search by Name" classname="Scenario: Organisation Search by Name" time="0"/>
  <testcase name="Given I search for Organisations by name ThE" classname="Scenario: Organisation Search by Name Mixed case" time="0"/>
  <testcase name="Then the result should be a organisation list with 1 entry" classname="Scenario: Organisation Search by Name Mixed case" time="0"/>
  <testcase name="And they shall all be FHIR Organization resources" classname="Scenario: Organisation Search by Name Mixed case" time="0"/>
  <testcase name="And the results should be a list of CareConnect Organisations" classname="Scenario: Organisation Search by Name Mixed case" time="0"/>
  <testcase name="Scenario: Organisation Search by Name Mixed case" classname="Scenario: Organisation Search by Name Mixed case" time="0"/>
  <testcase name="Given I search for Organisations by name xanadu" classname="Scenario: Organisation Search by Name" time="0"/>
  <testcase name="Then the result should be a organisation list with 0 entry" classname="Scenario: Organisation Search by Name" time="0"/>
  <testcase name="Given I add a Patient with an Id of 1" classname="Scenario: Patient Read" time="0"/>
  <testcase name="Then the result should be a FHIR Patient" classname="Scenario: Patient Read" time="0"/>
  <testcase name="And the results should be a CareConnect Patient" classname="Scenario: Patient Read" time="0"/>
  <testcase name="Scenario: Patient Read" classname="Scenario: Patient Read" time="0"/>
  <testcase name="Given I search for a Patient with a family name of Kanfeld" classname="Scenario: Patient first name Search Found" time="0"/>
  <testcase name="Then the result should be a list with 1 entry" classname="Scenario: Patient first name Search Found" time="0"/>
  <testcase name="Then the result should be a list with 1 entry" classname="Scenario: Patient first name Search Found" time="0"/>
  <testcase name="And they shall all be FHIR Patient resources" classname="Scenario: Patient first name Search Found" time="0"/>
  <testcase name="And they shall all be FHIR Patient resources" classname="Scenario: Patient first name Search Found" time="0"/>
  <testcase name="And the results should be a list of CareConnect Patients" classname="Scenario: Patient first name Search Found" time="0"/>
  <testcase name="And the results should be a list of CareConnect Patients" classname="Scenario: Patient first name Search Found" time="0"/>
  <testcase name="Scenario: Patient first name Search Found" classname="Scenario: Patient first name Search Found" time="0.001"/>
  <testcase name="Scenario: Patient first name Search Found" classname="Scenario: Patient first name Search Found" time="0.001"/>
  <testcase name="Given I search for a Patient with a family name of KanFelD" classname="Scenario: Patient first name mixed case Search Found" time="0"/>
  <testcase name="Then the result should be a list with 1 entry" classname="Scenario: Patient first name mixed case Search Found" time="0"/>
  <testcase name="And they shall all be FHIR Patient resources" classname="Scenario: Patient first name mixed case Search Found" time="0"/>
  <testcase name="And the results should be a list of CareConnect Patients" classname="Scenario: Patient first name mixed case Search Found" time="0"/>
  <testcase name="Scenario: Patient first name mixed case Search Found" classname="Scenario: Patient first name mixed case Search Found" time="0"/>
  <testcase name="Given I search for a Patient with a family name of Schmidt" classname="Scenario: Patient first name Search NOT Found" time="0.001"/>
  <testcase name="Then the result should be a list with 0 entry" classname="Scenario: Patient first name Search NOT Found" time="0"/>
  <testcase name="Then the result should be a list with 0 entry" classname="Scenario: Patient first name Search NOT Found" time="0"/>
  <testcase name="Scenario: Patient first name Search NOT Found" classname="Scenario: Patient first name Search NOT Found" time="0"/>
  <testcase name="Scenario: Patient first name Search NOT Found" classname="Scenario: Patient first name Search NOT Found" time="0"/>
  <testcase name="Given I search for a Patient with a given name of Bernie" classname="Scenario: Patient first name Search Found" time="0"/>
  <testcase name="Given I search for a Patient with a given name of Eric" classname="Scenario: Patient first name Search NOT Found" time="0"/>
  <testcase name="Given I search for a Patient with a birthdate of &apos;1998-03-19&apos;" classname="Scenario: Patient birthdate name Search Found &apos;1998-03-19&apos;" time="0"/>
  <testcase name="Then the result should be a list with 1 entry" classname="Scenario: Patient birthdate name Search Found &apos;1998-03-19&apos;" time="0"/>
  <testcase name="And they shall all be FHIR Patient resources" classname="Scenario: Patient birthdate name Search Found &apos;1998-03-19&apos;" time="0.001"/>
  <testcase name="And the results should be a list of CareConnect Patients" classname="Scenario: Patient birthdate name Search Found &apos;1998-03-19&apos;" time="0"/>
  <testcase name="Scenario: Patient birthdate name Search Found &apos;1998-03-19&apos;" classname="Scenario: Patient birthdate name Search Found &apos;1998-03-19&apos;" time="0"/>
  <testcase name="Given I search for a Patient with a birthdate of &apos;1918-02-17&apos;" classname="Scenario: Patient birthdate Search NOT Found" time="0.001"/>
  <testcase name="Then the result should be a list with 0 entry" classname="Scenario: Patient birthdate Search NOT Found" time="0"/>
  <testcase name="Scenario: Patient birthdate Search NOT Found" classname="Scenario: Patient birthdate Search NOT Found" time="0"/>
  <testcase name="Given I search for a Patient with a gender of FEMALE" classname="Scenario: Patient gender Search Female" time="0"/>
  <testcase name="Then the result should be a list with several entries" classname="Scenario: Patient gender Search Female" time="0"/>
  <testcase name="And they shall all be FHIR Patient resources" classname="Scenario: Patient gender Search Female" time="0"/>
  <testcase name="And the results should be a list of CareConnect Patients" classname="Scenario: Patient gender Search Female" time="0"/>
  <testcase name="Scenario: Patient gender Search Female" classname="Scenario: Patient gender Search Female" time="0.001"/>
  <testcase name="Given I search for a Patient with a gender of MALE" classname="Scenario: Patient gender Search Male" time="0"/>
  <testcase name="Then the result should be a list with several entries" classname="Scenario: Patient gender Search Male" time="0"/>
  <testcase name="And they shall all be FHIR Patient resources" classname="Scenario: Patient gender Search Male" time="0"/>
  <testcase name="And the results should be a list of CareConnect Patients" classname="Scenario: Patient gender Search Male" time="0"/>
  <testcase name="Scenario: Patient gender Search Male" classname="Scenario: Patient gender Search Male" time="0"/>
  <testcase name="Given I search for a Patient with a NHSNumber of 9876543210" classname="Scenario: Patient identifier Search Found" time="0"/>
  <testcase name="Then the result should be a list with 1 entry" classname="Scenario: Patient identifier Search Found" time="0"/>
  <testcase name="And they shall all be FHIR Patient resources" classname="Scenario: Patient identifier Search Found" time="0"/>
  <testcase name="And the results should be a list of CareConnect Patients" classname="Scenario: Patient identifier Search Found" time="0"/>
  <testcase name="Scenario: Patient identifier Search Found" classname="Scenario: Patient identifier Search Found" time="0.001"/>
  <testcase name="Scenario: Patient identifier Search Found" classname="Scenario: Patient identifier Search Found" time="0.001"/>
  <testcase name="Given I search for a Patient with a NHSNumber of 1234567890" classname="Scenario: Patient identifier Search Found" time="0"/>
  <testcase name="Then the result should be a list with 0 entry" classname="Scenario: Patient identifier Search Found" time="0"/>
  <testcase name="Given I search for a Patient with a name of &quot;Bernie&quot;(Scenario: Patient name " classname="given supplied) Search Found" time="0"/>
  <testcase name="Then the result should be a list with 1 entry(Scenario: Patient name " classname="given supplied) Search Found" time="0"/>
  <testcase name="And they shall all be FHIR Patient resources(Scenario: Patient name " classname="given supplied) Search Found" time="0"/>
  <testcase name="And the results should be a list of CareConnect Patients(Scenario: Patient name " classname="given supplied) Search Found" time="0"/>
  <testcase name="Scenario: Patient name " classname="Scenario: Patient name (given supplied) Search Found" time="0"/>
  <testcase name="Given I search for a Patient with a name of &quot;Kanfeld&quot;(Scenario: Patient name " classname="family supplied) Search Found" time="0"/>
  <testcase name="Then the result should be a list with 1 entry(Scenario: Patient name " classname="family supplied) Search Found" time="0"/>
  <testcase name="And they shall all be FHIR Patient resources(Scenario: Patient name " classname="family supplied) Search Found" time="0"/>
  <testcase name="And the results should be a list of CareConnect Patients(Scenario: Patient name " classname="family supplied) Search Found" time="0"/>
  <testcase name="Scenario: Patient name " classname="Scenario: Patient name (family supplied) Search Found" time="0"/>
  <testcase name="Given I search for a Patient with a name of &quot;Loki&quot;" classname="Scenario: Patient name Search NOT Found" time="0.001"/>
  <testcase name="Then the result should be a list with 0 entry" classname="Scenario: Patient name Search NOT Found" time="0"/>
  <testcase name="Scenario: Patient name Search NOT Found" classname="Scenario: Patient name Search NOT Found" time="0"/>
  <testcase name="Given I search for a Patient with a email of &quot;bernie.kanfeld@nhsdigital.nhs.uk&quot;" classname="Scenario: Patient email Search Found" time="0"/>
  <testcase name="Then the result should be a list with 1 entry" classname="Scenario: Patient email Search Found" time="0"/>
  <testcase name="Scenario: Patient email Search Found" classname="Scenario: Patient email Search Found" time="0"/>
  <testcase name="Given I search for a Patient with a address-postcode of &quot;NG10 1ZZ&quot;" classname="Scenario: Patient POSTCODE Search Found" time="0"/>
  <testcase name="Then the result should be a list with 1 entry" classname="Scenario: Patient POSTCODE Search Found" time="0"/>
  <testcase name="Scenario: Patient POSTCODE Search Found" classname="Scenario: Patient POSTCODE Search Found" time="0"/>
  <testcase name="Given I search for a Patient with a address-postcode of &quot;NG10&quot;" classname="Scenario: Patient POSTCODE Part Search Found" time="0"/>
  <testcase name="Then the result should be a list with 1 entry" classname="Scenario: Patient POSTCODE Part Search Found" time="0"/>
  <testcase name="Scenario: Patient POSTCODE Part Search Found" classname="Scenario: Patient POSTCODE Part Search Found" time="0"/>
  <testcase name="Given I search for a Patient with a phone of &quot;0115 9737320&quot;" classname="Scenario: Patient PHONE Search Found" time="0"/>
  <testcase name="Then the result should be a list with 1 entry" classname="Scenario: Patient PHONE Search Found" time="0"/>
  <testcase name="Scenario: Patient PHONE Search Found" classname="Scenario: Patient PHONE Search Found" time="0"/>
  <testcase name="Given I search for a Patient with a email of &quot;kevin.mayfield@airelogic.com&quot;" classname="Scenario: Patient email Search NOT Found" time="0"/>
  <testcase name="Then the result should be a list with 0 entry" classname="Scenario: Patient email Search NOT Found" time="0"/>
  <testcase name="Scenario: Patient email Search NOT Found" classname="Scenario: Patient email Search NOT Found" time="0"/>
  <testcase name="Given I search for a Patient with a address-postcode of &quot;LS15 8FR&quot;" classname="Scenario: Patient POSTCODE Search NOT Found" time="0"/>
  <testcase name="Then the result should be a list with 0 entry" classname="Scenario: Patient POSTCODE Search NOT Found" time="0"/>
  <testcase name="Scenario: Patient POSTCODE Search NOT Found" classname="Scenario: Patient POSTCODE Search NOT Found" time="0"/>
  <testcase name="Given I search for a Patient with a phone of &quot;0113 9737320&quot;" classname="Scenario: Patient PHONE Search NOT Found" time="0"/>
  <testcase name="Then the result should be a list with 0 entry" classname="Scenario: Patient PHONE Search NOT Found" time="0"/>
  <testcase name="Scenario: Patient PHONE Search NOT Found" classname="Scenario: Patient PHONE Search NOT Found" time="0"/>
  <testcase name="When I Conditional add a Patient" classname="Scenario: Patient Conditional" time="0"/>
  <testcase name="Then I search Patient on Patient PPMID = 1101" classname="Scenario: Patient Conditional" time="0"/>
  <testcase name="Then I should get a Bundle of Patient 1 resource" classname="Scenario: Patient Conditional" time="0"/>
  <testcase name="Scenario: Patient Conditional" classname="Scenario: Patient Conditional" time="0"/>
  <testcase name="Given PractitionerRole resource file" classname="Scenario: PractitionerRole Load" time="0"/>
  <testcase name="Then save the PractitionerRole" classname="Scenario: PractitionerRole Load" time="0"/>
  <testcase name="Scenario: PractitionerRole Load" classname="Scenario: PractitionerRole Load" time="0"/>
  <testcase name="Given I search for Practitioners by SDSId G8133438" classname="Scenario: Practitioner Search by SDS Code" time="0.001"/>
  <testcase name="Then the result should be a practitioner list with 1 entry" classname="Scenario: Practitioner Search by SDS Code" time="0"/>
  <testcase name="And they shall all be FHIR Practitioner resources" classname="Scenario: Practitioner Search by SDS Code" time="0"/>
  <testcase name="And the results should be a list of CareConnect Practitioners" classname="Scenario: Practitioner Search by SDS Code" time="0"/>
  <testcase name="Scenario: Practitioner Search by SDS Code" classname="Scenario: Practitioner Search by SDS Code" time="0"/>
  <testcase name="Scenario: Practitioner Search by SDS Code" classname="Scenario: Practitioner Search by SDS Code" time="0"/>
  <testcase name="Given I search for Practitioners by SDSId S8133438" classname="Scenario: Practitioner Search by SDS Code" time="0"/>
  <testcase name="Then the result should be a practitioner list with 0 entry" classname="Scenario: Practitioner Search by SDS Code" time="0"/>
  <testcase name="Given I search for Practitioners by name Bhatia" classname="Scenario: Practitioner Search by Name" time="0"/>
  <testcase name="Then the result should be a practitioner list with 1 entry" classname="Scenario: Practitioner Search by Name" time="0"/>
  <testcase name="And they shall all be FHIR Practitioner resources" classname="Scenario: Practitioner Search by Name" time="0"/>
  <testcase name="And the results should be a list of CareConnect Practitioners" classname="Scenario: Practitioner Search by Name" time="0.001"/>
  <testcase name="Scenario: Practitioner Search by Name" classname="Scenario: Practitioner Search by Name" time="0.001"/>
  <testcase name="Scenario: Practitioner Search by Name" classname="Scenario: Practitioner Search by Name" time="0"/>
  <testcase name="Given I search for Practitioners by name BHATIA" classname="Scenario: Practitioner Search by Name Mixed case" time="0"/>
  <testcase name="Then the result should be a practitioner list with 1 entry" classname="Scenario: Practitioner Search by Name Mixed case" time="0"/>
  <testcase name="And they shall all be FHIR Practitioner resources" classname="Scenario: Practitioner Search by Name Mixed case" time="0"/>
  <testcase name="And the results should be a list of CareConnect Practitioners" classname="Scenario: Practitioner Search by Name Mixed case" time="0"/>
  <testcase name="Scenario: Practitioner Search by Name Mixed case" classname="Scenario: Practitioner Search by Name Mixed case" time="0"/>
  <testcase name="Given I search for Practitioners by name xanadu" classname="Scenario: Practitioner Search by Name" time="0"/>
  <testcase name="Then the result should be a practitioner list with 0 entry" classname="Scenario: Practitioner Search by Name" time="0"/>
  <testcase name="Given I have one Procedure resource loaded" classname="Scenario: Procedure Patient" time="0"/>
  <testcase name="When I search Procedure on Patient ID = 1" classname="Scenario: Procedure Patient" time="0"/>
  <testcase name="Then I should get a Bundle of Procedure 2 resource" classname="Scenario: Procedure Patient" time="0"/>
  <testcase name="Scenario: Procedure Patient" classname="Scenario: Procedure Patient" time="0.001"/>
  <testcase name="Given I have one Procedure resource loaded" classname="Scenario: Procedure Patient Conditional" time="0"/>
  <testcase name="When I update this Procedure" classname="Scenario: Procedure Patient Conditional" time="0"/>
  <testcase name="Then I search Procedure on Patient ID = 1" classname="Scenario: Procedure Patient Conditional" time="0"/>
  <testcase name="Then I should get a Bundle of Procedure 1 resource" classname="Scenario: Procedure Patient Conditional" time="0"/>
  <testcase name="Scenario: Procedure Patient Conditional" classname="Scenario: Procedure Patient Conditional" time="0"/>
  <testcase name="Given I have one QuestionnaireResponse resource loaded" classname="Scenario: QuestionnaireResponse Patient" time="0"/>
  <testcase name="When I search QuestionnaireResponse on Patient ID = 1" classname="Scenario: QuestionnaireResponse Patient" time="0"/>
  <testcase name="Then I should get a Bundle of QuestionnaireResponse 1 resource" classname="Scenario: QuestionnaireResponse Patient" time="0"/>
  <testcase name="Scenario: QuestionnaireResponse Patient" classname="Scenario: QuestionnaireResponse Patient" time="0"/>
  <testcase name="Given I have one RiskAssessment resource loaded" classname="Scenario: RiskAssessment Patient" time="0"/>
  <testcase name="When I search RiskAssessment on Patient ID = 1" classname="Scenario: RiskAssessment Patient" time="0"/>
  <testcase name="Then I should get a Bundle of RiskAssessment 1 resource" classname="Scenario: RiskAssessment Patient" time="0"/>
  <testcase name="Scenario: RiskAssessment Patient" classname="Scenario: RiskAssessment Patient" time="0"/>
  <testcase name="Given I add a ValueSet with an Id of CareConnect-EthnicCategory-1" classname="Scenario: ValueSet Read" time="0"/>
  <testcase name="Then the result should be a FHIR ValueSet" classname="Scenario: ValueSet Read" time="0"/>
  <testcase name="Then the result should be a FHIR ValueSet" classname="Scenario: ValueSet Read" time="0"/>
  <testcase name="Scenario: ValueSet Read" classname="Scenario: ValueSet Read" time="0"/>
  <testcase name="Scenario: ValueSet Read" classname="Scenario: ValueSet Read" time="0"/>
  <testcase name="Given I add a ValueSet with an Id of CareConnect-AllergySeverity-1" classname="Scenario: ValueSet Read" time="0"/>
</testsuite>